{"uid":"386aa001a0cee359","name":"testTextareaField()","fullName":"ui.selenide.WebFormTest.testTextareaField","historyId":"3f822be4e84c8d42d765ea3a2bc412fd","time":{"start":1747358066591,"stop":1747358066870,"duration":279},"description":"","status":"broken","statusMessage":"Could not start a new session. Response code 500. Message: session not created: probably user data directory is already in use, please specify a unique value for --user-data-dir argument, or don't use --user-data-dir \nHost info: host: 'pkrvmberfyhpb9w', ip: '10.1.1.101'\nBuild info: version: '4.30.0', revision: '509c7f17cc*'\nSystem info: os.name: 'Linux', os.arch: 'amd64', os.version: '6.11.0-1012-azure', java.version: '17.0.15'\nDriver info: org.openqa.selenium.chrome.ChromeDriver\nCommand: [null, newSession {capabilities=[Capabilities {acceptInsecureCerts: true, browserName: chrome, goog:chromeOptions: {args: [--proxy-bypass-list=<-loopb..., --disable-dev-shm-usage, --disable-search-engine-cho..., --unsafely-disable-devtools..., --window-size=1366,768], binary: /usr/bin/google-chrome, excludeSwitches: [enable-automation, load-extension], extensions: [], prefs: {autofill.credit_card_enabled: false, autofill.profile_enabled: false, credentials_enable_service: false, download.default_directory: /home/runner/work/PracticeS..., plugins.always_open_pdf_externally: true, profile.default_content_setting_values.automatic_downloads: 1, profile.password_manager_enabled: false, profile.password_manager_leak_detection: false, safebrowsing.enabled: true}}, pageLoadStrategy: normal, unhandledPromptBehavior: accept}]}]\nselenide.url: https://bonigarcia.dev/selenium-webdriver-java/web-form\nselenide.baseUrl: http://localhost:8080","statusTrace":"org.openqa.selenium.SessionNotCreatedException: Could not start a new session. Response code 500. Message: session not created: probably user data directory is already in use, please specify a unique value for --user-data-dir argument, or don't use --user-data-dir \nHost info: host: 'pkrvmberfyhpb9w', ip: '10.1.1.101'\nBuild info: version: '4.30.0', revision: '509c7f17cc*'\nSystem info: os.name: 'Linux', os.arch: 'amd64', os.version: '6.11.0-1012-azure', java.version: '17.0.15'\nDriver info: org.openqa.selenium.chrome.ChromeDriver\nCommand: [null, newSession {capabilities=[Capabilities {acceptInsecureCerts: true, browserName: chrome, goog:chromeOptions: {args: [--proxy-bypass-list=<-loopb..., --disable-dev-shm-usage, --disable-search-engine-cho..., --unsafely-disable-devtools..., --window-size=1366,768], binary: /usr/bin/google-chrome, excludeSwitches: [enable-automation, load-extension], extensions: [], prefs: {autofill.credit_card_enabled: false, autofill.profile_enabled: false, credentials_enable_service: false, download.default_directory: /home/runner/work/PracticeS..., plugins.always_open_pdf_externally: true, profile.default_content_setting_values.automatic_downloads: 1, profile.password_manager_enabled: false, profile.password_manager_leak_detection: false, safebrowsing.enabled: true}}, pageLoadStrategy: normal, unhandledPromptBehavior: accept}]}]\nselenide.url: https://bonigarcia.dev/selenium-webdriver-java/web-form\nselenide.baseUrl: http://localhost:8080\n\tat org.openqa.selenium.remote.ProtocolHandshake.createSession(ProtocolHandshake.java:114)\n\tat org.openqa.selenium.remote.ProtocolHandshake.createSession(ProtocolHandshake.java:75)\n\tat org.openqa.selenium.remote.ProtocolHandshake.createSession(ProtocolHandshake.java:61)\n\tat org.openqa.selenium.remote.HttpCommandExecutor.execute(HttpCommandExecutor.java:187)\n\tat org.openqa.selenium.remote.service.DriverCommandExecutor.invokeExecute(DriverCommandExecutor.java:216)\n\tat org.openqa.selenium.remote.service.DriverCommandExecutor.execute(DriverCommandExecutor.java:174)\n\tat org.openqa.selenium.remote.RemoteWebDriver.execute(RemoteWebDriver.java:545)\n\tat org.openqa.selenium.remote.RemoteWebDriver.startSession(RemoteWebDriver.java:245)\n\tat org.openqa.selenium.remote.RemoteWebDriver.<init>(RemoteWebDriver.java:174)\n\tat org.openqa.selenium.chromium.ChromiumDriver.<init>(ChromiumDriver.java:110)\n\tat org.openqa.selenium.chrome.ChromeDriver.<init>(ChromeDriver.java:88)\n\tat org.openqa.selenium.chrome.ChromeDriver.<init>(ChromeDriver.java:83)\n\tat com.codeborne.selenide.webdriver.ChromeDriverFactory.create(ChromeDriverFactory.java:28)\n\tat com.codeborne.selenide.webdriver.WebDriverFactory.createWebDriverInstance(WebDriverFactory.java:105)\n\tat com.codeborne.selenide.webdriver.WebDriverFactory.createWebDriver(WebDriverFactory.java:59)\n\tat com.codeborne.selenide.drivercommands.CreateDriverCommand.lambda$createDriver$0(CreateDriverCommand.java:68)\n\tat com.codeborne.selenide.logevents.SelenideLogger.wrap(SelenideLogger.java:128)\n\tat com.codeborne.selenide.logevents.SelenideLogger.get(SelenideLogger.java:106)\n\tat com.codeborne.selenide.drivercommands.CreateDriverCommand.createDriver(CreateDriverCommand.java:44)\n\tat com.codeborne.selenide.WebDriverThreadLocalContainer.createDriver(WebDriverThreadLocalContainer.java:181)\n\tat com.codeborne.selenide.WebDriverThreadLocalContainer.createDriver(WebDriverThreadLocalContainer.java:177)\n\tat com.codeborne.selenide.WebDriverThreadLocalContainer.createAndRegisterDriver(WebDriverThreadLocalContainer.java:164)\n\tat com.codeborne.selenide.WebDriverThreadLocalContainer.getAndCheckWebDriver(WebDriverThreadLocalContainer.java:130)\n\tat com.codeborne.selenide.WebDriverRunner.getAndCheckWebDriver(WebDriverRunner.java:99)\n\tat com.codeborne.selenide.StaticDriver.getAndCheckWebDriver(StaticDriver.java:41)\n\tat com.codeborne.selenide.SelenideDriver.getAndCheckWebDriver(SelenideDriver.java:183)\n\tat com.codeborne.selenide.drivercommands.Navigator.lambda$navigateTo$0(Navigator.java:67)\n\tat com.codeborne.selenide.logevents.SelenideLogger.lambda$run$0(SelenideLogger.java:99)\n\tat com.codeborne.selenide.logevents.SelenideLogger.wrap(SelenideLogger.java:128)\n\tat com.codeborne.selenide.logevents.SelenideLogger.run(SelenideLogger.java:98)\n\tat com.codeborne.selenide.drivercommands.Navigator.navigateTo(Navigator.java:65)\n\tat com.codeborne.selenide.drivercommands.Navigator.open(Navigator.java:29)\n\tat com.codeborne.selenide.SelenideDriver.open(SelenideDriver.java:86)\n\tat com.codeborne.selenide.Selenide.open(Selenide.java:50)\n\tat ui.selenide.WebFormTest.setUp(WebFormTest.java:22)\n\tat java.base/java.lang.reflect.Method.invoke(Method.java:569)\n\tat io.qameta.allure.junit5.AllureJunit5.processFixture(AllureJunit5.java:138)\n\tat io.qameta.allure.junit5.AllureJunit5.interceptBeforeEachMethod(AllureJunit5.java:116)\n\tat java.base/java.util.ArrayList.forEach(ArrayList.java:1511)\n\tat java.base/java.util.ArrayList.forEach(ArrayList.java:1511)\n","flaky":false,"newFailed":false,"newBroken":false,"newPassed":false,"retriesCount":0,"retriesStatusChange":false,"beforeStages":[{"name":"setUp","time":{"start":1747358066591,"stop":1747358066869,"duration":278},"status":"broken","statusMessage":"Could not start a new session. Response code 500. Message: session not created: probably user data directory is already in use, please specify a unique value for --user-data-dir argument, or don't use --user-data-dir \nHost info: host: 'pkrvmberfyhpb9w', ip: '10.1.1.101'\nBuild info: version: '4.30.0', revision: '509c7f17cc*'\nSystem info: os.name: 'Linux', os.arch: 'amd64', os.version: '6.11.0-1012-azure', java.version: '17.0.15'\nDriver info: org.openqa.selenium.chrome.ChromeDriver\nCommand: [null, newSession {capabilities=[Capabilities {acceptInsecureCerts: true, browserName: chrome, goog:chromeOptions: {args: [--proxy-bypass-list=<-loopb..., --disable-dev-shm-usage, --disable-search-engine-cho..., --unsafely-disable-devtools..., --window-size=1366,768], binary: /usr/bin/google-chrome, excludeSwitches: [enable-automation, load-extension], extensions: [], prefs: {autofill.credit_card_enabled: false, autofill.profile_enabled: false, credentials_enable_service: false, download.default_directory: /home/runner/work/PracticeS..., plugins.always_open_pdf_externally: true, profile.default_content_setting_values.automatic_downloads: 1, profile.password_manager_enabled: false, profile.password_manager_leak_detection: false, safebrowsing.enabled: true}}, pageLoadStrategy: normal, unhandledPromptBehavior: accept}]}]\nselenide.url: https://bonigarcia.dev/selenium-webdriver-java/web-form\nselenide.baseUrl: http://localhost:8080","statusTrace":"org.openqa.selenium.SessionNotCreatedException: Could not start a new session. Response code 500. Message: session not created: probably user data directory is already in use, please specify a unique value for --user-data-dir argument, or don't use --user-data-dir \nHost info: host: 'pkrvmberfyhpb9w', ip: '10.1.1.101'\nBuild info: version: '4.30.0', revision: '509c7f17cc*'\nSystem info: os.name: 'Linux', os.arch: 'amd64', os.version: '6.11.0-1012-azure', java.version: '17.0.15'\nDriver info: org.openqa.selenium.chrome.ChromeDriver\nCommand: [null, newSession {capabilities=[Capabilities {acceptInsecureCerts: true, browserName: chrome, goog:chromeOptions: {args: [--proxy-bypass-list=<-loopb..., --disable-dev-shm-usage, --disable-search-engine-cho..., --unsafely-disable-devtools..., --window-size=1366,768], binary: /usr/bin/google-chrome, excludeSwitches: [enable-automation, load-extension], extensions: [], prefs: {autofill.credit_card_enabled: false, autofill.profile_enabled: false, credentials_enable_service: false, download.default_directory: /home/runner/work/PracticeS..., plugins.always_open_pdf_externally: true, profile.default_content_setting_values.automatic_downloads: 1, profile.password_manager_enabled: false, profile.password_manager_leak_detection: false, safebrowsing.enabled: true}}, pageLoadStrategy: normal, unhandledPromptBehavior: accept}]}]\nselenide.url: https://bonigarcia.dev/selenium-webdriver-java/web-form\nselenide.baseUrl: http://localhost:8080\n\tat org.openqa.selenium.remote.ProtocolHandshake.createSession(ProtocolHandshake.java:114)\n\tat org.openqa.selenium.remote.ProtocolHandshake.createSession(ProtocolHandshake.java:75)\n\tat org.openqa.selenium.remote.ProtocolHandshake.createSession(ProtocolHandshake.java:61)\n\tat org.openqa.selenium.remote.HttpCommandExecutor.execute(HttpCommandExecutor.java:187)\n\tat org.openqa.selenium.remote.service.DriverCommandExecutor.invokeExecute(DriverCommandExecutor.java:216)\n\tat org.openqa.selenium.remote.service.DriverCommandExecutor.execute(DriverCommandExecutor.java:174)\n\tat org.openqa.selenium.remote.RemoteWebDriver.execute(RemoteWebDriver.java:545)\n\tat org.openqa.selenium.remote.RemoteWebDriver.startSession(RemoteWebDriver.java:245)\n\tat org.openqa.selenium.remote.RemoteWebDriver.<init>(RemoteWebDriver.java:174)\n\tat org.openqa.selenium.chromium.ChromiumDriver.<init>(ChromiumDriver.java:110)\n\tat org.openqa.selenium.chrome.ChromeDriver.<init>(ChromeDriver.java:88)\n\tat org.openqa.selenium.chrome.ChromeDriver.<init>(ChromeDriver.java:83)\n\tat com.codeborne.selenide.webdriver.ChromeDriverFactory.create(ChromeDriverFactory.java:28)\n\tat com.codeborne.selenide.webdriver.WebDriverFactory.createWebDriverInstance(WebDriverFactory.java:105)\n\tat com.codeborne.selenide.webdriver.WebDriverFactory.createWebDriver(WebDriverFactory.java:59)\n\tat com.codeborne.selenide.drivercommands.CreateDriverCommand.lambda$createDriver$0(CreateDriverCommand.java:68)\n\tat com.codeborne.selenide.logevents.SelenideLogger.wrap(SelenideLogger.java:128)\n\tat com.codeborne.selenide.logevents.SelenideLogger.get(SelenideLogger.java:106)\n\tat com.codeborne.selenide.drivercommands.CreateDriverCommand.createDriver(CreateDriverCommand.java:44)\n\tat com.codeborne.selenide.WebDriverThreadLocalContainer.createDriver(WebDriverThreadLocalContainer.java:181)\n\tat com.codeborne.selenide.WebDriverThreadLocalContainer.createDriver(WebDriverThreadLocalContainer.java:177)\n\tat com.codeborne.selenide.WebDriverThreadLocalContainer.createAndRegisterDriver(WebDriverThreadLocalContainer.java:164)\n\tat com.codeborne.selenide.WebDriverThreadLocalContainer.getAndCheckWebDriver(WebDriverThreadLocalContainer.java:130)\n\tat com.codeborne.selenide.WebDriverRunner.getAndCheckWebDriver(WebDriverRunner.java:99)\n\tat com.codeborne.selenide.StaticDriver.getAndCheckWebDriver(StaticDriver.java:41)\n\tat com.codeborne.selenide.SelenideDriver.getAndCheckWebDriver(SelenideDriver.java:183)\n\tat com.codeborne.selenide.drivercommands.Navigator.lambda$navigateTo$0(Navigator.java:67)\n\tat com.codeborne.selenide.logevents.SelenideLogger.lambda$run$0(SelenideLogger.java:99)\n\tat com.codeborne.selenide.logevents.SelenideLogger.wrap(SelenideLogger.java:128)\n\tat com.codeborne.selenide.logevents.SelenideLogger.run(SelenideLogger.java:98)\n\tat com.codeborne.selenide.drivercommands.Navigator.navigateTo(Navigator.java:65)\n\tat com.codeborne.selenide.drivercommands.Navigator.open(Navigator.java:29)\n\tat com.codeborne.selenide.SelenideDriver.open(SelenideDriver.java:86)\n\tat com.codeborne.selenide.Selenide.open(Selenide.java:50)\n\tat ui.selenide.WebFormTest.setUp(WebFormTest.java:22)\n\tat java.base/jdk.internal.reflect.NativeMethodAccessorImpl.invoke0(Native Method)\n\tat java.base/jdk.internal.reflect.NativeMethodAccessorImpl.invoke(NativeMethodAccessorImpl.java:77)\n\tat java.base/jdk.internal.reflect.DelegatingMethodAccessorImpl.invoke(DelegatingMethodAccessorImpl.java:43)\n\tat java.base/java.lang.reflect.Method.invoke(Method.java:569)\n\tat org.junit.platform.commons.util.ReflectionUtils.invokeMethod(ReflectionUtils.java:728)\n\tat org.junit.jupiter.engine.execution.MethodInvocation.proceed(MethodInvocation.java:60)\n\tat org.junit.jupiter.engine.execution.InvocationInterceptorChain$ValidatingInvocation.proceed(InvocationInterceptorChain.java:131)\n\tat io.qameta.allure.junit5.AllureJunit5.processFixture(AllureJunit5.java:138)\n\tat io.qameta.allure.junit5.AllureJunit5.interceptBeforeEachMethod(AllureJunit5.java:116)\n\tat org.junit.jupiter.engine.execution.InterceptingExecutableInvoker$ReflectiveInterceptorCall.lambda$ofVoidMethod$0(InterceptingExecutableInvoker.java:103)\n\tat org.junit.jupiter.engine.execution.InterceptingExecutableInvoker.lambda$invoke$0(InterceptingExecutableInvoker.java:93)\n\tat org.junit.jupiter.engine.execution.InvocationInterceptorChain$InterceptedInvocation.proceed(InvocationInterceptorChain.java:106)\n\tat org.junit.jupiter.engine.extension.TimeoutExtension.intercept(TimeoutExtension.java:156)\n\tat org.junit.jupiter.engine.extension.TimeoutExtension.interceptLifecycleMethod(TimeoutExtension.java:128)\n\tat org.junit.jupiter.engine.extension.TimeoutExtension.interceptBeforeEachMethod(TimeoutExtension.java:78)\n\tat org.junit.jupiter.engine.execution.InterceptingExecutableInvoker$ReflectiveInterceptorCall.lambda$ofVoidMethod$0(InterceptingExecutableInvoker.java:103)\n\tat org.junit.jupiter.engine.execution.InterceptingExecutableInvoker.lambda$invoke$0(InterceptingExecutableInvoker.java:93)\n\tat org.junit.jupiter.engine.execution.InvocationInterceptorChain$InterceptedInvocation.proceed(InvocationInterceptorChain.java:106)\n\tat org.junit.jupiter.engine.execution.InvocationInterceptorChain.proceed(InvocationInterceptorChain.java:64)\n\tat org.junit.jupiter.engine.execution.InvocationInterceptorChain.chainAndInvoke(InvocationInterceptorChain.java:45)\n\tat org.junit.jupiter.engine.execution.InvocationInterceptorChain.invoke(InvocationInterceptorChain.java:37)\n\tat org.junit.jupiter.engine.execution.InterceptingExecutableInvoker.invoke(InterceptingExecutableInvoker.java:92)\n\tat org.junit.jupiter.engine.execution.InterceptingExecutableInvoker.invoke(InterceptingExecutableInvoker.java:86)\n\tat org.junit.jupiter.engine.descriptor.ClassBasedTestDescriptor.invokeMethodInExtensionContext(ClassBasedTestDescriptor.java:521)\n\tat org.junit.jupiter.engine.descriptor.ClassBasedTestDescriptor.lambda$synthesizeBeforeEachMethodAdapter$23(ClassBasedTestDescriptor.java:506)\n\tat org.junit.jupiter.engine.descriptor.TestMethodTestDescriptor.lambda$invokeBeforeEachMethods$3(TestMethodTestDescriptor.java:175)\n\tat org.junit.jupiter.engine.descriptor.TestMethodTestDescriptor.lambda$invokeBeforeMethodsOrCallbacksUntilExceptionOccurs$6(TestMethodTestDescriptor.java:203)\n\tat org.junit.platform.engine.support.hierarchical.ThrowableCollector.execute(ThrowableCollector.java:73)\n\tat org.junit.jupiter.engine.descriptor.TestMethodTestDescriptor.invokeBeforeMethodsOrCallbacksUntilExceptionOccurs(TestMethodTestDescriptor.java:203)\n\tat org.junit.jupiter.engine.descriptor.TestMethodTestDescriptor.invokeBeforeEachMethods(TestMethodTestDescriptor.java:172)\n\tat org.junit.jupiter.engine.descriptor.TestMethodTestDescriptor.execute(TestMethodTestDescriptor.java:135)\n\tat org.junit.jupiter.engine.descriptor.TestMethodTestDescriptor.execute(TestMethodTestDescriptor.java:69)\n\tat org.junit.platform.engine.support.hierarchical.NodeTestTask.lambda$executeRecursively$6(NodeTestTask.java:151)\n\tat org.junit.platform.engine.support.hierarchical.ThrowableCollector.execute(ThrowableCollector.java:73)\n\tat org.junit.platform.engine.support.hierarchical.NodeTestTask.lambda$executeRecursively$8(NodeTestTask.java:141)\n\tat org.junit.platform.engine.support.hierarchical.Node.around(Node.java:137)\n\tat org.junit.platform.engine.support.hierarchical.NodeTestTask.lambda$executeRecursively$9(NodeTestTask.java:139)\n\tat org.junit.platform.engine.support.hierarchical.ThrowableCollector.execute(ThrowableCollector.java:73)\n\tat org.junit.platform.engine.support.hierarchical.NodeTestTask.executeRecursively(NodeTestTask.java:138)\n\tat org.junit.platform.engine.support.hierarchical.NodeTestTask.execute(NodeTestTask.java:95)\n\tat java.base/java.util.ArrayList.forEach(ArrayList.java:1511)\n\tat org.junit.platform.engine.support.hierarchical.SameThreadHierarchicalTestExecutorService.invokeAll(SameThreadHierarchicalTestExecutorService.java:41)\n\tat org.junit.platform.engine.support.hierarchical.NodeTestTask.lambda$executeRecursively$6(NodeTestTask.java:155)\n\tat org.junit.platform.engine.support.hierarchical.ThrowableCollector.execute(ThrowableCollector.java:73)\n\tat org.junit.platform.engine.support.hierarchical.NodeTestTask.lambda$executeRecursively$8(NodeTestTask.java:141)\n\tat org.junit.platform.engine.support.hierarchical.Node.around(Node.java:137)\n\tat org.junit.platform.engine.support.hierarchical.NodeTestTask.lambda$executeRecursively$9(NodeTestTask.java:139)\n\tat org.junit.platform.engine.support.hierarchical.ThrowableCollector.execute(ThrowableCollector.java:73)\n\tat org.junit.platform.engine.support.hierarchical.NodeTestTask.executeRecursively(NodeTestTask.java:138)\n\tat org.junit.platform.engine.support.hierarchical.NodeTestTask.execute(NodeTestTask.java:95)\n\tat java.base/java.util.ArrayList.forEach(ArrayList.java:1511)\n\tat org.junit.platform.engine.support.hierarchical.SameThreadHierarchicalTestExecutorService.invokeAll(SameThreadHierarchicalTestExecutorService.java:41)\n\tat org.junit.platform.engine.support.hierarchical.NodeTestTask.lambda$executeRecursively$6(NodeTestTask.java:155)\n\tat org.junit.platform.engine.support.hierarchical.ThrowableCollector.execute(ThrowableCollector.java:73)\n\tat org.junit.platform.engine.support.hierarchical.NodeTestTask.lambda$executeRecursively$8(NodeTestTask.java:141)\n\tat org.junit.platform.engine.support.hierarchical.Node.around(Node.java:137)\n\tat org.junit.platform.engine.support.hierarchical.NodeTestTask.lambda$executeRecursively$9(NodeTestTask.java:139)\n\tat org.junit.platform.engine.support.hierarchical.ThrowableCollector.execute(ThrowableCollector.java:73)\n\tat org.junit.platform.engine.support.hierarchical.NodeTestTask.executeRecursively(NodeTestTask.java:138)\n\tat org.junit.platform.engine.support.hierarchical.NodeTestTask.execute(NodeTestTask.java:95)\n\tat org.junit.platform.engine.support.hierarchical.SameThreadHierarchicalTestExecutorService.submit(SameThreadHierarchicalTestExecutorService.java:35)\n\tat org.junit.platform.engine.support.hierarchical.HierarchicalTestExecutor.execute(HierarchicalTestExecutor.java:57)\n\tat org.junit.platform.engine.support.hierarchical.HierarchicalTestEngine.execute(HierarchicalTestEngine.java:54)\n\tat org.junit.platform.launcher.core.EngineExecutionOrchestrator.execute(EngineExecutionOrchestrator.java:198)\n\tat org.junit.platform.launcher.core.EngineExecutionOrchestrator.execute(EngineExecutionOrchestrator.java:169)\n\tat org.junit.platform.launcher.core.EngineExecutionOrchestrator.execute(EngineExecutionOrchestrator.java:93)\n\tat org.junit.platform.launcher.core.EngineExecutionOrchestrator.lambda$execute$0(EngineExecutionOrchestrator.java:58)\n\tat org.junit.platform.launcher.core.EngineExecutionOrchestrator.withInterceptedStreams(EngineExecutionOrchestrator.java:141)\n\tat org.junit.platform.launcher.core.EngineExecutionOrchestrator.execute(EngineExecutionOrchestrator.java:57)\n\tat org.junit.platform.launcher.core.DefaultLauncher.execute(DefaultLauncher.java:103)\n\tat org.junit.platform.launcher.core.DefaultLauncher.execute(DefaultLauncher.java:85)\n\tat org.junit.platform.launcher.core.DelegatingLauncher.execute(DelegatingLauncher.java:47)\n\tat org.gradle.api.internal.tasks.testing.junitplatform.JUnitPlatformTestClassProcessor$CollectAllTestClassesExecutor.processAllTestClasses(JUnitPlatformTestClassProcessor.java:124)\n\tat org.gradle.api.internal.tasks.testing.junitplatform.JUnitPlatformTestClassProcessor$CollectAllTestClassesExecutor.access$000(JUnitPlatformTestClassProcessor.java:99)\n\tat org.gradle.api.internal.tasks.testing.junitplatform.JUnitPlatformTestClassProcessor.stop(JUnitPlatformTestClassProcessor.java:94)\n\tat org.gradle.api.internal.tasks.testing.SuiteTestClassProcessor.stop(SuiteTestClassProcessor.java:63)\n\tat java.base/jdk.internal.reflect.NativeMethodAccessorImpl.invoke0(Native Method)\n\tat java.base/jdk.internal.reflect.NativeMethodAccessorImpl.invoke(NativeMethodAccessorImpl.java:77)\n\tat java.base/jdk.internal.reflect.DelegatingMethodAccessorImpl.invoke(DelegatingMethodAccessorImpl.java:43)\n\tat java.base/java.lang.reflect.Method.invoke(Method.java:569)\n\tat org.gradle.internal.dispatch.ReflectionDispatch.dispatch(ReflectionDispatch.java:36)\n\tat org.gradle.internal.dispatch.ReflectionDispatch.dispatch(ReflectionDispatch.java:24)\n\tat org.gradle.internal.dispatch.ContextClassLoaderDispatch.dispatch(ContextClassLoaderDispatch.java:33)\n\tat org.gradle.internal.dispatch.ProxyDispatchAdapter$DispatchingInvocationHandler.invoke(ProxyDispatchAdapter.java:92)\n\tat jdk.proxy1/jdk.proxy1.$Proxy4.stop(Unknown Source)\n\tat org.gradle.api.internal.tasks.testing.worker.TestWorker$3.run(TestWorker.java:200)\n\tat org.gradle.api.internal.tasks.testing.worker.TestWorker.executeAndMaintainThreadName(TestWorker.java:132)\n\tat org.gradle.api.internal.tasks.testing.worker.TestWorker.execute(TestWorker.java:103)\n\tat org.gradle.api.internal.tasks.testing.worker.TestWorker.execute(TestWorker.java:63)\n\tat org.gradle.process.internal.worker.child.ActionExecutionWorker.execute(ActionExecutionWorker.java:56)\n\tat org.gradle.process.internal.worker.child.SystemApplicationClassLoaderWorker.call(SystemApplicationClassLoaderWorker.java:121)\n\tat org.gradle.process.internal.worker.child.SystemApplicationClassLoaderWorker.call(SystemApplicationClassLoaderWorker.java:71)\n\tat worker.org.gradle.process.internal.worker.GradleWorkerMain.run(GradleWorkerMain.java:69)\n\tat worker.org.gradle.process.internal.worker.GradleWorkerMain.main(GradleWorkerMain.java:74)\n","steps":[],"attachments":[],"parameters":[],"shouldDisplayMessage":true,"stepsCount":0,"attachmentsCount":0,"hasContent":true,"attachmentStep":false}],"afterStages":[],"labels":[{"name":"junit.platform.uniqueid","value":"[engine:junit-jupiter]/[class:ui.selenide.WebFormTest]/[method:testTextareaField()]"},{"name":"host","value":"pkrvmberfyhpb9w"},{"name":"thread","value":"3232@pkrvmberfyhpb9w.Test worker(1)"},{"name":"framework","value":"junit-platform"},{"name":"language","value":"java"},{"name":"package","value":"ui.selenide.WebFormTest"},{"name":"testClass","value":"ui.selenide.WebFormTest"},{"name":"testMethod","value":"testTextareaField"},{"name":"suite","value":"ui.selenide.WebFormTest"},{"name":"resultFormat","value":"allure2"}],"parameters":[],"links":[],"hidden":false,"retry":false,"extra":{"severity":"normal","retries":[],"categories":[{"name":"Test defects","matchedStatuses":[],"flaky":false}],"history":{"statistic":{"failed":0,"broken":2,"skipped":22,"passed":0,"unknown":0,"total":24},"items":[{"uid":"8d8c0856d017bde1","reportUrl":"https://leliks818.github.io/PracticeSeleniumJavaGR/26//#testresult/8d8c0856d017bde1","status":"broken","statusDetails":"Could not start a new session. Response code 500. Message: session not created: probably user data directory is already in use, please specify a unique value for --user-data-dir argument, or don't use --user-data-dir \nHost info: host: 'pkrvmberfyhpb9w', ip: '10.1.0.121'\nBuild info: version: '4.30.0', revision: '509c7f17cc*'\nSystem info: os.name: 'Linux', os.arch: 'amd64', os.version: '6.11.0-1012-azure', java.version: '17.0.15'\nDriver info: org.openqa.selenium.chrome.ChromeDriver\nCommand: [null, newSession {capabilities=[Capabilities {acceptInsecureCerts: true, browserName: chrome, goog:chromeOptions: {args: [--proxy-bypass-list=<-loopb..., --disable-dev-shm-usage, --disable-search-engine-cho..., --unsafely-disable-devtools..., --window-size=1366,768], binary: /usr/bin/google-chrome, excludeSwitches: [enable-automation, load-extension], extensions: [], prefs: {autofill.credit_card_enabled: false, autofill.profile_enabled: false, credentials_enable_service: false, download.default_directory: /home/runner/work/PracticeS..., plugins.always_open_pdf_externally: true, profile.default_content_setting_values.automatic_downloads: 1, profile.password_manager_enabled: false, profile.password_manager_leak_detection: false, safebrowsing.enabled: true}}, pageLoadStrategy: normal, unhandledPromptBehavior: accept}]}]\nselenide.url: https://bonigarcia.dev/selenium-webdriver-java/web-form\nselenide.baseUrl: http://localhost:8080","time":{"start":1747358030728,"stop":1747358030944,"duration":216}},{"uid":"73667c648473714e","reportUrl":"https://leliks818.github.io/PracticeSeleniumJavaGR/25//#testresult/73667c648473714e","status":"skipped","statusDetails":"class ui.selenide.WebFormTest is @Disabled","time":{"start":1747335952050,"stop":1747335952050,"duration":0}},{"uid":"38b71b6daaf80ecc","reportUrl":"https://leliks818.github.io/PracticeSeleniumJavaGR/24//#testresult/38b71b6daaf80ecc","status":"skipped","statusDetails":"class ui.selenide.WebFormTest is @Disabled","time":{"start":1747335846834,"stop":1747335846835,"duration":1}},{"uid":"5e662b10c99a2cb1","reportUrl":"https://leliks818.github.io/PracticeSeleniumJavaGR/23//#testresult/5e662b10c99a2cb1","status":"skipped","statusDetails":"class ui.selenide.WebFormTest is @Disabled","time":{"start":1747334047464,"stop":1747334047464,"duration":0}},{"uid":"b7fba5e2867323c8","reportUrl":"https://leliks818.github.io/PracticeSeleniumJavaGR/22//#testresult/b7fba5e2867323c8","status":"skipped","statusDetails":"class ui.selenide.WebFormTest is @Disabled","time":{"start":1747333979322,"stop":1747333979322,"duration":0}},{"uid":"dafd3c067092dfe5","reportUrl":"https://leliks818.github.io/PracticeSeleniumJavaGR/21//#testresult/dafd3c067092dfe5","status":"skipped","statusDetails":"class ui.selenide.WebFormTest is @Disabled","time":{"start":1747331837382,"stop":1747331837382,"duration":0}},{"uid":"1c3753a963ab8de6","reportUrl":"https://leliks818.github.io/PracticeSeleniumJavaGR/20//#testresult/1c3753a963ab8de6","status":"skipped","statusDetails":"class ui.selenide.WebFormTest is @Disabled","time":{"start":1747330560905,"stop":1747330560908,"duration":3}},{"uid":"b8f9619e960177db","reportUrl":"https://leliks818.github.io/PracticeSeleniumJavaGR/19//#testresult/b8f9619e960177db","status":"skipped","statusDetails":"class ui.selenide.WebFormTest is @Disabled","time":{"start":1747330540126,"stop":1747330540126,"duration":0}},{"uid":"dcc390cf3cd4fd0","reportUrl":"https://leliks818.github.io/PracticeSeleniumJavaGR/18//#testresult/dcc390cf3cd4fd0","status":"skipped","statusDetails":"class ui.selenide.WebFormTest is @Disabled","time":{"start":1747330154245,"stop":1747330154245,"duration":0}},{"uid":"4e296df5c08251fc","reportUrl":"https://leliks818.github.io/PracticeSeleniumJavaGR/17//#testresult/4e296df5c08251fc","status":"skipped","statusDetails":"class ui.selenide.WebFormTest is @Disabled","time":{"start":1747330068937,"stop":1747330068937,"duration":0}},{"uid":"fa0f404a350c89bb","reportUrl":"https://leliks818.github.io/PracticeSeleniumJavaGR/16//#testresult/fa0f404a350c89bb","status":"skipped","statusDetails":"class ui.selenide.WebFormTest is @Disabled","time":{"start":1747239934107,"stop":1747239934107,"duration":0}},{"uid":"6121ae646768139c","reportUrl":"https://leliks818.github.io/PracticeSeleniumJavaGR/15//#testresult/6121ae646768139c","status":"skipped","statusDetails":"class ui.selenide.WebFormTest is @Disabled","time":{"start":1747239284029,"stop":1747239284029,"duration":0}},{"uid":"64aacaf0bfb4e61a","reportUrl":"https://leliks818.github.io/PracticeSeleniumJavaGR/14//#testresult/64aacaf0bfb4e61a","status":"skipped","statusDetails":"class ui.selenide.WebFormTest is @Disabled","time":{"start":1747237996259,"stop":1747237996259,"duration":0}},{"uid":"5eff4cd25532473a","reportUrl":"https://leliks818.github.io/PracticeSeleniumJavaGR/13//#testresult/5eff4cd25532473a","status":"skipped","statusDetails":"class ui.selenide.WebFormTest is @Disabled","time":{"start":1747170650552,"stop":1747170650552,"duration":0}},{"uid":"7452e76c60d7c436","reportUrl":"https://leliks818.github.io/PracticeSeleniumJavaGR/12//#testresult/7452e76c60d7c436","status":"skipped","statusDetails":"class ui.selenide.WebFormTest is @Disabled","time":{"start":1747168014923,"stop":1747168014923,"duration":0}},{"uid":"b64f50ba8bb898e6","reportUrl":"https://leliks818.github.io/PracticeSeleniumJavaGR/11//#testresult/b64f50ba8bb898e6","status":"skipped","statusDetails":"class ui.selenide.WebFormTest is @Disabled","time":{"start":1747165997448,"stop":1747165997448,"duration":0}},{"uid":"256f47f3f9286b98","reportUrl":"https://leliks818.github.io/PracticeSeleniumJavaGR/10//#testresult/256f47f3f9286b98","status":"skipped","statusDetails":"class ui.selenide.WebFormTest is @Disabled","time":{"start":1747165236193,"stop":1747165236193,"duration":0}},{"uid":"a6ac91615ec4a19d","reportUrl":"https://leliks818.github.io/PracticeSeleniumJavaGR/9//#testresult/a6ac91615ec4a19d","status":"skipped","statusDetails":"class ui.selenide.WebFormTest is @Disabled","time":{"start":1747164038712,"stop":1747164038712,"duration":0}},{"uid":"7c89119d4f44c722","reportUrl":"https://leliks818.github.io/PracticeSeleniumJavaGR/8//#testresult/7c89119d4f44c722","status":"skipped","statusDetails":"class ui.selenide.WebFormTest is @Disabled","time":{"start":1747159499955,"stop":1747159499955,"duration":0}},{"uid":"351e1ce03a0e5b7c","reportUrl":"https://leliks818.github.io/PracticeSeleniumJavaGR/7//#testresult/351e1ce03a0e5b7c","status":"skipped","statusDetails":"class ui.selenide.WebFormTest is @Disabled","time":{"start":1747158092957,"stop":1747158092957,"duration":0}}]},"tags":[]},"source":"386aa001a0cee359.json","parameterValues":[]}